
> @murilo-nsantos-ui/docs@0.0.0 build
> storybook build

@storybook/cli v8.1.1

info => Cleaning outputDir: storybook-static
info => Loading presets
info => Building manager..
info => Manager built (607 ms)
info => Building preview..
info Using tsconfig paths for react-docgen
[36mvite v5.2.11 [32mbuilding for production...[36m[39m

./sb-common-assets/fonts.css doesn't exist at build time, it will remain unchanged to be resolved at runtime
transforming...
../../node_modules/telejson/dist/index.mjs (1413:15): Use of eval in "../../node_modules/telejson/dist/index.mjs" is strongly discouraged as it poses security risks and may cause issues with minification.
../../node_modules/telejson/dist/index.mjs (1416:18): Use of eval in "../../node_modules/telejson/dist/index.mjs" is strongly discouraged as it poses security risks and may cause issues with minification.
[32m✓[39m 629 modules transformed.
rendering chunks...
computing gzip size...
[2mstorybook-static/[22m[32miframe.html                                    [39m[1m[2m 16.50 kB[22m[1m[22m[2m │ gzip:   4.56 kB[22m
[2mstorybook-static/[22m[35massets/TokensGrid-DdkhZfv4.css                 [39m[1m[2m  0.36 kB[22m[1m[22m[2m │ gzip:   0.18 kB[22m
[2mstorybook-static/[22m[36massets/preview-B4GcaC1c.js                     [39m[1m[2m  0.07 kB[22m[1m[22m[2m │ gzip:   0.08 kB[22m
[2mstorybook-static/[22m[36massets/preview-DN-BtKpV.js                     [39m[1m[2m  0.20 kB[22m[1m[22m[2m │ gzip:   0.18 kB[22m
[2mstorybook-static/[22m[36massets/DocsRenderer-K4EAMTCU-DccwxYHY.js       [39m[1m[2m  0.34 kB[22m[1m[22m[2m │ gzip:   0.22 kB[22m
[2mstorybook-static/[22m[36massets/WithTooltip-KJL26V4Q-BTEy2eyd.js        [39m[1m[2m  0.37 kB[22m[1m[22m[2m │ gzip:   0.23 kB[22m
[2mstorybook-static/[22m[36massets/syntaxhighlighter-BP7B2CQK-UZqaEaIM.js  [39m[1m[2m  0.41 kB[22m[1m[22m[2m │ gzip:   0.27 kB[22m
[2mstorybook-static/[22m[36massets/index-BwF_zu8I.js                       [39m[1m[2m  0.42 kB[22m[1m[22m[2m │ gzip:   0.27 kB[22m
[2mstorybook-static/[22m[36massets/preview-TCN6m6T-.js                     [39m[1m[2m  0.64 kB[22m[1m[22m[2m │ gzip:   0.44 kB[22m
[2mstorybook-static/[22m[36massets/preview-BpcF_O6y.js                     [39m[1m[2m  0.71 kB[22m[1m[22m[2m │ gzip:   0.49 kB[22m
[2mstorybook-static/[22m[36massets/home-Dk2_EJYL.js                        [39m[1m[2m  0.75 kB[22m[1m[22m[2m │ gzip:   0.43 kB[22m
[2mstorybook-static/[22m[36massets/index-DrFu-skq.js                       [39m[1m[2m  0.77 kB[22m[1m[22m[2m │ gzip:   0.47 kB[22m
[2mstorybook-static/[22m[36massets/TokensGrid-CFT4qMKM.js                  [39m[1m[2m  0.82 kB[22m[1m[22m[2m │ gzip:   0.44 kB[22m
[2mstorybook-static/[22m[36massets/preview-ByeXm1P8.js                     [39m[1m[2m  0.86 kB[22m[1m[22m[2m │ gzip:   0.55 kB[22m
[2mstorybook-static/[22m[36massets/index-FQKkaq7x.js                       [39m[1m[2m  0.88 kB[22m[1m[22m[2m │ gzip:   0.47 kB[22m
[33m
[2mstorybook-static/[22m[36massets/radii-BAt7p0Tz.js                       [39m[1m[2m  0.89 kB[22m[1m[22m[2m │ gzip:   0.50 kB[22m
[2mstorybook-static/[22m[36massets/space-SKnrjOGA.js                       [39m[1m[2m  0.90 kB[22m[1m[22m[2m │ gzip:   0.51 kB[22m
[2mstorybook-static/[22m[36massets/font-sizes-BsXgt1SC.js                  [39m[1m[2m  0.91 kB[22m[1m[22m[2m │ gzip:   0.51 kB[22m
[2mstorybook-static/[22m[36massets/fonts-Db5FZcqV.js                       [39m[1m[2m  0.91 kB[22m[1m[22m[2m │ gzip:   0.51 kB[22m
[2mstorybook-static/[22m[36massets/line-heights-CXa8Jll9.js                [39m[1m[2m  0.91 kB[22m[1m[22m[2m │ gzip:   0.51 kB[22m
(!) Some chunks are larger than 500 kB after minification. Consider:
[2mstorybook-static/[22m[36massets/jsx-runtime-BZf_YgVj.js                 [39m[1m[2m  0.92 kB[22m[1m[22m[2m │ gzip:   0.58 kB[22m
[2mstorybook-static/[22m[36massets/font-weights-6Ve_pX9d.js                [39m[1m[2m  0.92 kB[22m[1m[22m[2m │ gzip:   0.52 kB[22m
- Using dynamic import() to code-split the application
[2mstorybook-static/[22m[36massets/colors-BYNullTX.js                      [39m[1m[2m  1.16 kB[22m[1m[22m[2m │ gzip:   0.64 kB[22m
- Use build.rollupOptions.output.manualChunks to improve chunking: https://rollupjs.org/configuration-options/#output-manualchunks
- Adjust chunk size limit for this warning via build.chunkSizeWarningLimit.[39m
[2mstorybook-static/[22m[36massets/entry-preview-BJShTuPc.js               [39m[1m[2m  1.33 kB[22m[1m[22m[2m │ gzip:   0.76 kB[22m
[2mstorybook-static/[22m[36massets/index-DXimoRZY.js                       [39m[1m[2m  2.58 kB[22m[1m[22m[2m │ gzip:   1.26 kB[22m
[2mstorybook-static/[22m[36massets/preview-CwqMn10d.js                     [39m[1m[2m  3.19 kB[22m[1m[22m[2m │ gzip:   1.37 kB[22m
[2mstorybook-static/[22m[36massets/preview-UNaZQn6M.js                     [39m[1m[2m  3.49 kB[22m[1m[22m[2m │ gzip:   1.68 kB[22m
[2mstorybook-static/[22m[36massets/iframe-Dmkqf_po.js                      [39m[1m[2m  5.24 kB[22m[1m[22m[2m │ gzip:   1.93 kB[22m
[2mstorybook-static/[22m[36massets/index-CEThVCg_.js                       [39m[1m[2m  7.35 kB[22m[1m[22m[2m │ gzip:   2.96 kB[22m
[2mstorybook-static/[22m[36massets/preview-BAz7FMXc.js                     [39m[1m[2m  7.62 kB[22m[1m[22m[2m │ gzip:   1.56 kB[22m
[2mstorybook-static/[22m[36massets/preview-Db4Idchh.js                     [39m[1m[2m  8.11 kB[22m[1m[22m[2m │ gzip:   3.08 kB[22m
[2mstorybook-static/[22m[36massets/Button.stories-CojBpB1R.js              [39m[1m[2m 19.30 kB[22m[1m[22m[2m │ gzip:   7.48 kB[22m
[2mstorybook-static/[22m[36massets/Color-PRSJMWNM-DZAuhvB6.js              [39m[1m[2m 31.14 kB[22m[1m[22m[2m │ gzip:  11.72 kB[22m
[2mstorybook-static/[22m[36massets/preview-BcrGd3F6.js                     [39m[1m[2m 61.08 kB[22m[1m[22m[2m │ gzip:  21.16 kB[22m
[2mstorybook-static/[22m[36massets/index-5YtWdR9a.js                       [39m[1m[2m 73.14 kB[22m[1m[22m[2m │ gzip:  26.77 kB[22m
[2mstorybook-static/[22m[36massets/index-9UrncIcR.js                       [39m[1m[2m 78.91 kB[22m[1m[22m[2m │ gzip:  23.53 kB[22m
[2mstorybook-static/[22m[36massets/react-18-Gg9GpqOs.js                    [39m[1m[2m134.45 kB[22m[1m[22m[2m │ gzip:  43.37 kB[22m
[2mstorybook-static/[22m[36massets/formatter-2WMMO6ZP-BAeLFnnL.js          [39m[1m[2m210.47 kB[22m[1m[22m[2m │ gzip:  70.17 kB[22m
[2mstorybook-static/[22m[36massets/entry-preview-docs-Dtdct6Sm.js          [39m[1m[2m322.86 kB[22m[1m[22m[2m │ gzip:  99.18 kB[22m
[2mstorybook-static/[22m[36massets/chunk-HLWAVYOI-CdtghFY1.js              [39m[1m[33m543.47 kB[39m[22m[2m │ gzip: 159.02 kB[22m
[32m✓ built in 9.89s[39m
info => Preview built (12 s)
info => Output directory: C:\GIT\Murilo\ROCKET-SEAT-IGNITE\aulas\05 - design-system\packages\docs\storybook-static
